<?xml version="1.0" encoding="UTF-8"?>
<!-- Generated by org.testng.reporters.JUnitReportReporter -->
<testsuite hostname="Jasss-MBP" failures="0" tests="1" name="test.Automation.GalleryTest" time="0.000" errors="0" timestamp="2020-09-17T05:27:12 EDT" skipped="1">
  <testcase classname="test.Automation.GalleryTest" name="checkGalleryFilter" time="0.000">
    <skipped/>
  </testcase> <!-- checkGalleryFilter -->
  <system-out/>
</testsuite> <!-- test.Automation.GalleryTest -->
