<?xml version="1.0" encoding="UTF-8"?>
<!-- Generated by org.testng.reporters.JUnitReportReporter -->
<testsuite hostname="Jasss-MacBook-Pro.local" failures="0" tests="1" name="test.Automation.FooterPageTest" time="31.343" errors="0" timestamp="2020-09-17T16:51:21 EDT" skipped="0">
  <testcase classname="test.Automation.FooterPageTest" name="footerLinks" time="31.343"/>
  <system-out/>
</testsuite> <!-- test.Automation.FooterPageTest -->
