<?xml version="1.0" encoding="UTF-8"?>
<!-- Generated by org.testng.reporters.JUnitReportReporter -->
<testsuite hostname="Jasss-MacBook-Pro.local" failures="0" tests="1" name="test.Automation.FitnessPageTest" time="0.000" errors="0" timestamp="2020-09-17T21:00:10 EDT" skipped="1">
  <testcase classname="test.Automation.FitnessPageTest" name="checkFitnessTest" time="0.000">
    <skipped/>
  </testcase> <!-- checkFitnessTest -->
  <system-out/>
</testsuite> <!-- test.Automation.FitnessPageTest -->
