<?xml version="1.0" encoding="UTF-8"?>
<!-- Generated by org.testng.reporters.JUnitReportReporter -->
<testsuite hostname="Jasss-MacBook-Pro.local" failures="0" tests="1" name="test.Automation.ReviewPageTest" time="0.000" errors="0" timestamp="2020-09-18T21:01:03 EDT" skipped="1">
  <testcase classname="test.Automation.ReviewPageTest" name="reviewDetailsTest" time="0.000">
    <skipped/>
  </testcase> <!-- reviewDetailsTest -->
  <system-out/>
</testsuite> <!-- test.Automation.ReviewPageTest -->
