<?xml version="1.0" encoding="UTF-8"?>
<!-- Generated by org.testng.reporters.JUnitReportReporter -->
<testsuite hostname="Jasss-MacBook-Pro.local" failures="0" tests="1" name="test.Automation.PopularMontrealTest" time="2.383" errors="0" timestamp="2020-09-23T13:31:04 EDT" skipped="0">
  <testcase classname="test.Automation.PopularMontrealTest" name="seeAllServices" time="2.383"/>
  <system-out/>
</testsuite> <!-- test.Automation.PopularMontrealTest -->
