<?xml version="1.0" encoding="UTF-8"?>
<!-- Generated by org.testng.reporters.JUnitReportReporter -->
<testsuite hostname="Jasss-MacBook-Pro.local" failures="0" tests="1" name="test.Automation.MyProfilePageTest" time="0.000" errors="0" timestamp="2020-09-21T19:26:17 EDT" skipped="1">
  <testcase classname="test.Automation.MyProfilePageTest" name="updateProfileDetailsTest" time="0.000">
    <skipped/>
  </testcase> <!-- updateProfileDetailsTest -->
  <system-out/>
</testsuite> <!-- test.Automation.MyProfilePageTest -->
