<?xml version="1.0" encoding="UTF-8"?>
<!-- Generated by org.testng.reporters.JUnitReportReporter -->
<testsuite hostname="Jasss-MBP" failures="0" tests="1" name="test.Automation.ProfessionalPageTest" time="6.849" errors="0" timestamp="2020-09-14T12:58:09 EDT" skipped="0">
  <testcase classname="test.Automation.ProfessionalPageTest" name="checkProfessionPage" time="6.849"/>
  <system-out/>
</testsuite> <!-- test.Automation.ProfessionalPageTest -->
